<?xml version="1.0" encoding="UTF-8"?>
<coverage generated="1702592678044" clover="3.2.0">
  <project timestamp="1702592678045" name="All files">
    <metrics statements="14" coveredstatements="14" conditionals="9" coveredconditionals="9" methods="6" coveredmethods="6" elements="29" coveredelements="29" complexity="0" loc="14" ncloc="14" packages="1" files="1" classes="1"/>
    <file name="day1.ts" path="/home/osesantos/git/AdventOfCode/2015/src/day1.ts">
      <metrics statements="14" coveredstatements="14" conditionals="9" coveredconditionals="9" methods="6" coveredmethods="6"/>
      <line num="5" count="1" type="stmt"/>
      <line num="6" count="9" type="stmt"/>
      <line num="7" count="41" type="cond" truecount="4" falsecount="0"/>
      <line num="8" count="9" type="stmt"/>
      <line num="9" count="9" type="stmt"/>
      <line num="16" count="1" type="stmt"/>
      <line num="17" count="2" type="stmt"/>
      <line num="18" count="2" type="stmt"/>
      <line num="19" count="6" type="cond" truecount="2" falsecount="0"/>
      <line num="20" count="6" type="cond" truecount="2" falsecount="0"/>
      <line num="21" count="6" type="cond" truecount="1" falsecount="0"/>
      <line num="22" count="2" type="stmt"/>
      <line num="25" count="2" type="stmt"/>
      <line num="26" count="2" type="stmt"/>
    </file>
  </project>
</coverage>
