{"/home/osesantos/git/AdventOfCode/2015/src/day1.ts": {"path":"/home/osesantos/git/AdventOfCode/2015/src/day1.ts","statementMap":{"0":{"start":{"line":6,"column":16},"end":{"line":6,"column":17}},"1":{"start":{"line":7,"column":2},"end":{"line":7,"column":109}},"2":{"start":{"line":7,"column":25},"end":{"line":7,"column":45}},"3":{"start":{"line":7,"column":60},"end":{"line":7,"column":107}},"4":{"start":{"line":8,"column":2},"end":{"line":8,"column":45}},"5":{"start":{"line":9,"column":2},"end":{"line":9,"column":17}},"6":{"start":{"line":5,"column":0},"end":{"line":5,"column":16}},"7":{"start":{"line":17,"column":16},"end":{"line":17,"column":17}},"8":{"start":{"line":18,"column":17},"end":{"line":18,"column":18}},"9":{"start":{"line":19,"column":2},"end":{"line":24,"column":5}},"10":{"start":{"line":19,"column":25},"end":{"line":19,"column":45}},"11":{"start":{"line":20,"column":4},"end":{"line":20,"column":null}},"12":{"start":{"line":21,"column":4},"end":{"line":23,"column":5}},"13":{"start":{"line":22,"column":6},"end":{"line":22,"column":23}},"14":{"start":{"line":25,"column":2},"end":{"line":25,"column":46}},"15":{"start":{"line":26,"column":2},"end":{"line":26,"column":18}},"16":{"start":{"line":16,"column":0},"end":{"line":16,"column":16}}},"fnMap":{"0":{"name":"day1_part1","decl":{"start":{"line":5,"column":16},"end":{"line":5,"column":26}},"loc":{"start":{"line":5,"column":40},"end":{"line":10,"column":1}}},"1":{"name":"(anonymous_1)","decl":{"start":{"line":7,"column":20},"end":{"line":7,"column":21}},"loc":{"start":{"line":7,"column":25},"end":{"line":7,"column":45}}},"2":{"name":"(anonymous_2)","decl":{"start":{"line":7,"column":55},"end":{"line":7,"column":56}},"loc":{"start":{"line":7,"column":60},"end":{"line":7,"column":107}}},"3":{"name":"day1_part2","decl":{"start":{"line":16,"column":16},"end":{"line":16,"column":26}},"loc":{"start":{"line":16,"column":40},"end":{"line":27,"column":1}}},"4":{"name":"(anonymous_4)","decl":{"start":{"line":19,"column":20},"end":{"line":19,"column":21}},"loc":{"start":{"line":19,"column":25},"end":{"line":19,"column":45}}},"5":{"name":"(anonymous_5)","decl":{"start":{"line":19,"column":55},"end":{"line":19,"column":56}},"loc":{"start":{"line":19,"column":64},"end":{"line":24,"column":3}}}},"branchMap":{"0":{"loc":{"start":{"line":7,"column":25},"end":{"line":7,"column":45}},"type":"binary-expr","locations":[{"start":{"line":7,"column":25},"end":{"line":7,"column":33}},{"start":{"line":7,"column":37},"end":{"line":7,"column":45}}]},"1":{"loc":{"start":{"line":7,"column":70},"end":{"line":7,"column":107}},"type":"cond-expr","locations":[{"start":{"line":7,"column":82},"end":{"line":7,"column":93}},{"start":{"line":7,"column":96},"end":{"line":7,"column":107}}]},"2":{"loc":{"start":{"line":19,"column":25},"end":{"line":19,"column":45}},"type":"binary-expr","locations":[{"start":{"line":19,"column":25},"end":{"line":19,"column":33}},{"start":{"line":19,"column":37},"end":{"line":19,"column":45}}]},"3":{"loc":{"start":{"line":20,"column":14},"end":{"line":20,"column":51}},"type":"cond-expr","locations":[{"start":{"line":20,"column":26},"end":{"line":20,"column":37}},{"start":{"line":20,"column":40},"end":{"line":20,"column":51}}]},"4":{"loc":{"start":{"line":21,"column":4},"end":{"line":23,"column":5}},"type":"if","locations":[{"start":{"line":21,"column":4},"end":{"line":23,"column":5}}]}},"s":{"0":9,"1":9,"2":41,"3":41,"4":9,"5":9,"6":1,"7":2,"8":2,"9":2,"10":6,"11":6,"12":6,"13":2,"14":2,"15":2,"16":1},"f":{"0":9,"1":41,"2":41,"3":2,"4":6,"5":6},"b":{"0":[41,20],"1":[21,20],"2":[6,4],"3":[2,4],"4":[2]}}
}
