{"/home/osesantos/git/AdventOfCode/2015/src/day1.ts": {"path":"/home/osesantos/git/AdventOfCode/2015/src/day1.ts","statementMap":{"0":{"start":{"line":6,"column":16},"end":{"line":6,"column":17}},"1":{"start":{"line":7,"column":2},"end":{"line":7,"column":109}},"2":{"start":{"line":7,"column":25},"end":{"line":7,"column":45}},"3":{"start":{"line":7,"column":60},"end":{"line":7,"column":107}},"4":{"start":{"line":8,"column":2},"end":{"line":8,"column":45}},"5":{"start":{"line":9,"column":2},"end":{"line":9,"column":17}},"6":{"start":{"line":5,"column":0},"end":{"line":5,"column":16}},"7":{"start":{"line":17,"column":16},"end":{"line":17,"column":17}},"8":{"start":{"line":18,"column":17},"end":{"line":18,"column":18}},"9":{"start":{"line":19,"column":2},"end":{"line":24,"column":5}},"10":{"start":{"line":19,"column":25},"end":{"line":19,"column":45}},"11":{"start":{"line":20,"column":4},"end":{"line":20,"column":null}},"12":{"start":{"line":21,"column":4},"end":{"line":23,"column":5}},"13":{"start":{"line":22,"column":6},"end":{"line":22,"column":23}},"14":{"start":{"line":25,"column":2},"end":{"line":25,"column":46}},"15":{"start":{"line":26,"column":2},"end":{"line":26,"column":18}},"16":{"start":{"line":16,"column":0},"end":{"line":16,"column":16}}},"fnMap":{"0":{"name":"day1_part1","decl":{"start":{"line":5,"column":16},"end":{"line":5,"column":26}},"loc":{"start":{"line":5,"column":40},"end":{"line":10,"column":1}}},"1":{"name":"(anonymous_1)","decl":{"start":{"line":7,"column":20},"end":{"line":7,"column":21}},"loc":{"start":{"line":7,"column":25},"end":{"line":7,"column":45}}},"2":{"name":"(anonymous_2)","decl":{"start":{"line":7,"column":55},"end":{"line":7,"column":56}},"loc":{"start":{"line":7,"column":60},"end":{"line":7,"column":107}}},"3":{"name":"day1_part2","decl":{"start":{"line":16,"column":16},"end":{"line":16,"column":26}},"loc":{"start":{"line":16,"column":40},"end":{"line":27,"column":1}}},"4":{"name":"(anonymous_4)","decl":{"start":{"line":19,"column":20},"end":{"line":19,"column":21}},"loc":{"start":{"line":19,"column":25},"end":{"line":19,"column":45}}},"5":{"name":"(anonymous_5)","decl":{"start":{"line":19,"column":55},"end":{"line":19,"column":56}},"loc":{"start":{"line":19,"column":64},"end":{"line":24,"column":3}}}},"branchMap":{"0":{"loc":{"start":{"line":7,"column":25},"end":{"line":7,"column":45}},"type":"binary-expr","locations":[{"start":{"line":7,"column":25},"end":{"line":7,"column":33}},{"start":{"line":7,"column":37},"end":{"line":7,"column":45}}]},"1":{"loc":{"start":{"line":7,"column":70},"end":{"line":7,"column":107}},"type":"cond-expr","locations":[{"start":{"line":7,"column":82},"end":{"line":7,"column":93}},{"start":{"line":7,"column":96},"end":{"line":7,"column":107}}]},"2":{"loc":{"start":{"line":19,"column":25},"end":{"line":19,"column":45}},"type":"binary-expr","locations":[{"start":{"line":19,"column":25},"end":{"line":19,"column":33}},{"start":{"line":19,"column":37},"end":{"line":19,"column":45}}]},"3":{"loc":{"start":{"line":20,"column":14},"end":{"line":20,"column":51}},"type":"cond-expr","locations":[{"start":{"line":20,"column":26},"end":{"line":20,"column":37}},{"start":{"line":20,"column":40},"end":{"line":20,"column":51}}]},"4":{"loc":{"start":{"line":21,"column":4},"end":{"line":23,"column":5}},"type":"if","locations":[{"start":{"line":21,"column":4},"end":{"line":23,"column":5}}]},"5":{"loc":{"start":{"line":21,"column":8},"end":{"line":21,"column":38}},"type":"binary-expr","locations":[{"start":{"line":21,"column":8},"end":{"line":21,"column":21}},{"start":{"line":21,"column":25},"end":{"line":21,"column":38}}]}},"s":{"0":9,"1":9,"2":41,"3":41,"4":9,"5":9,"6":1,"7":2,"8":2,"9":2,"10":6,"11":6,"12":6,"13":2,"14":2,"15":2,"16":1},"f":{"0":9,"1":41,"2":41,"3":2,"4":6,"5":6},"b":{"0":[41,20],"1":[21,20],"2":[6,4],"3":[2,4],"4":[2],"5":[6,2]}}
,"/home/osesantos/git/AdventOfCode/2015/src/day2.ts": {"path":"/home/osesantos/git/AdventOfCode/2015/src/day2.ts","statementMap":{"0":{"start":{"line":7,"column":4},"end":{"line":7,"column":null}},"1":{"start":{"line":11,"column":18},"end":{"line":11,"column":39}},"2":{"start":{"line":12,"column":4},"end":{"line":12,"column":50}},"3":{"start":{"line":12,"column":34},"end":{"line":12,"column":48}},"4":{"start":{"line":15,"column":14},"end":{"line":21,"column":44}},"5":{"start":{"line":16,"column":23},"end":{"line":16,"column":38}},"6":{"start":{"line":17,"column":14},"end":{"line":17,"column":35}},"7":{"start":{"line":18,"column":14},"end":{"line":18,"column":35}},"8":{"start":{"line":19,"column":14},"end":{"line":19,"column":35}},"9":{"start":{"line":20,"column":4},"end":{"line":20,"column":49}},"10":{"start":{"line":21,"column":38},"end":{"line":21,"column":43}},"11":{"start":{"line":23,"column":2},"end":{"line":23,"column":41}},"12":{"start":{"line":24,"column":2},"end":{"line":24,"column":13}},"13":{"start":{"line":5,"column":0},"end":{"line":5,"column":16}},"14":{"start":{"line":34,"column":2},"end":{"line":34,"column":39}},"15":{"start":{"line":35,"column":2},"end":{"line":35,"column":11}},"16":{"start":{"line":33,"column":0},"end":{"line":33,"column":16}}},"fnMap":{"0":{"name":"day2_part1","decl":{"start":{"line":5,"column":16},"end":{"line":5,"column":26}},"loc":{"start":{"line":5,"column":40},"end":{"line":25,"column":1}}},"1":{"name":"area","decl":{"start":{"line":6,"column":11},"end":{"line":6,"column":15}},"loc":{"start":{"line":6,"column":47},"end":{"line":8,"column":3}}},"2":{"name":"smalest_area","decl":{"start":{"line":10,"column":11},"end":{"line":10,"column":23}},"loc":{"start":{"line":10,"column":54},"end":{"line":13,"column":3}}},"3":{"name":"(anonymous_3)","decl":{"start":{"line":12,"column":24},"end":{"line":12,"column":25}},"loc":{"start":{"line":12,"column":34},"end":{"line":12,"column":48}}},"4":{"name":"(anonymous_4)","decl":{"start":{"line":15,"column":36},"end":{"line":15,"column":40}},"loc":{"start":{"line":15,"column":43},"end":{"line":21,"column":3}}},"5":{"name":"(anonymous_5)","decl":{"start":{"line":21,"column":12},"end":{"line":21,"column":13}},"loc":{"start":{"line":21,"column":38},"end":{"line":21,"column":43}}},"6":{"name":"day2_part2","decl":{"start":{"line":33,"column":16},"end":{"line":33,"column":26}},"loc":{"start":{"line":33,"column":40},"end":{"line":36,"column":1}}}},"branchMap":{},"s":{"0":2,"1":2,"2":2,"3":4,"4":2,"5":2,"6":2,"7":2,"8":2,"9":2,"10":0,"11":2,"12":2,"13":1,"14":0,"15":0,"16":1},"f":{"0":2,"1":2,"2":2,"3":4,"4":2,"5":0,"6":0},"b":{}}
}
