TN:
SF:src/day1.ts
FN:5,day1_part1
FN:7,(anonymous_1)
FN:7,(anonymous_2)
FN:16,day1_part2
FN:19,(anonymous_4)
FN:19,(anonymous_5)
FNF:6
FNH:6
FNDA:9,day1_part1
FNDA:41,(anonymous_1)
FNDA:41,(anonymous_2)
FNDA:2,day1_part2
FNDA:6,(anonymous_4)
FNDA:6,(anonymous_5)
DA:5,1
DA:6,9
DA:7,41
DA:8,9
DA:9,9
DA:16,1
DA:17,2
DA:18,2
DA:19,6
DA:20,6
DA:21,6
DA:22,2
DA:25,2
DA:26,2
LF:14
LH:14
BRDA:7,0,0,41
BRDA:7,0,1,20
BRDA:7,1,0,21
BRDA:7,1,1,20
BRDA:19,2,0,6
BRDA:19,2,1,4
BRDA:20,3,0,2
BRDA:20,3,1,4
BRDA:21,4,0,2
BRF:9
BRH:9
end_of_record
